Started by user [8mha:////4OJExtxXJIN8lBXApjxB2XkS7WOcXXWo/x1YBlwlDxVrAAAAlx+LCAAAAAAAAP9b85aBtbiIQTGjNKU4P08vOT+vOD8nVc83PyU1x6OyILUoJzMv2y+/JJUBAhiZGBgqihhk0NSjKDWzXb3RdlLBUSYGJk8GtpzUvPSSDB8G5tKinBIGIZ+sxLJE/ZzEvHT94JKizLx0a6BxUmjGOUNodHsLgAz+EgZu/dLi1CL97PzcxBwAHaj18cAAAAA=[0mkomal ankolekar
Running as SYSTEM
Building in workspace /var/jenkins_home/workspace/test_maven
The recommended git tool is: NONE
using credential git_user
 > git rev-parse --resolve-git-dir /var/jenkins_home/workspace/test_maven/.git # timeout=10
Fetching changes from the remote Git repository
 > git config remote.origin.url http://git:80/jenkins/maven.git # timeout=10
Fetching upstream changes from http://git:80/jenkins/maven.git
 > git --version # timeout=10
 > git --version # 'git version 2.30.2'
using GIT_ASKPASS to set credentials 
 > git fetch --tags --force --progress -- http://git:80/jenkins/maven.git +refs/heads/*:refs/remotes/origin/* # timeout=10
 > git rev-parse refs/remotes/origin/main^{commit} # timeout=10
Checking out Revision 73a68c4e13bf6542082e00f04590baa1f2d12afc (refs/remotes/origin/main)
 > git config core.sparsecheckout # timeout=10
 > git checkout -f 73a68c4e13bf6542082e00f04590baa1f2d12afc # timeout=10
Commit message: "Inital commit"
 > git rev-list --no-walk 73a68c4e13bf6542082e00f04590baa1f2d12afc # timeout=10
[test_maven] $ /var/jenkins_home/tools/hudson.tasks.Maven_MavenInstallation/jenkins-maven/bin/mvn -B -DskipTests clean package
[INFO] Scanning for projects...
[INFO] 
[INFO] ----------------------< com.mycompany.app:my-app >----------------------
[INFO] Building my-app 1.0-SNAPSHOT
[INFO] --------------------------------[ jar ]---------------------------------
[INFO] 
[8mha:////4NLpR/tKVKpIS0rR/x9xmxU7rQ7VrnQcyOuEWEKDkfCeAAAAYB+LCAAAAAAAAP9b85aBtbiIQSmjNKU4P0+vJLE4u1gvPjexLDVPzxdEGvvmZ+X75Zek2mxOX+vh68DGxMBQUcQgBdWQnJ9XnJ+TqucMoUEKGSCAEaSwAAAn9LoiYAAAAA==[0m[INFO] --- maven-clean-plugin:2.5:clean (default-clean) @ my-app ---
[INFO] Deleting /var/jenkins_home/workspace/test_maven/target
[INFO] 
[8mha:////4NLpR/tKVKpIS0rR/x9xmxU7rQ7VrnQcyOuEWEKDkfCeAAAAYB+LCAAAAAAAAP9b85aBtbiIQSmjNKU4P0+vJLE4u1gvPjexLDVPzxdEGvvmZ+X75Zek2mxOX+vh68DGxMBQUcQgBdWQnJ9XnJ+TqucMoUEKGSCAEaSwAAAn9LoiYAAAAA==[0m[INFO] --- maven-enforcer-plugin:3.0.0-M3:enforce (enforce-maven) @ my-app ---
[INFO] 
[8mha:////4NLpR/tKVKpIS0rR/x9xmxU7rQ7VrnQcyOuEWEKDkfCeAAAAYB+LCAAAAAAAAP9b85aBtbiIQSmjNKU4P0+vJLE4u1gvPjexLDVPzxdEGvvmZ+X75Zek2mxOX+vh68DGxMBQUcQgBdWQnJ9XnJ+TqucMoUEKGSCAEaSwAAAn9LoiYAAAAA==[0m[INFO] --- maven-resources-plugin:2.6:resources (default-resources) @ my-app ---
[INFO] Using 'UTF-8' encoding to copy filtered resources.
[INFO] skip non existing resourceDirectory /var/jenkins_home/workspace/test_maven/src/main/resources
[INFO] 
[8mha:////4NLpR/tKVKpIS0rR/x9xmxU7rQ7VrnQcyOuEWEKDkfCeAAAAYB+LCAAAAAAAAP9b85aBtbiIQSmjNKU4P0+vJLE4u1gvPjexLDVPzxdEGvvmZ+X75Zek2mxOX+vh68DGxMBQUcQgBdWQnJ9XnJ+TqucMoUEKGSCAEaSwAAAn9LoiYAAAAA==[0m[INFO] --- maven-compiler-plugin:3.8.1:compile (default-compile) @ my-app ---
[INFO] Changes detected - recompiling the module!
[INFO] Compiling 1 source file to /var/jenkins_home/workspace/test_maven/target/classes
[INFO] 
[8mha:////4NLpR/tKVKpIS0rR/x9xmxU7rQ7VrnQcyOuEWEKDkfCeAAAAYB+LCAAAAAAAAP9b85aBtbiIQSmjNKU4P0+vJLE4u1gvPjexLDVPzxdEGvvmZ+X75Zek2mxOX+vh68DGxMBQUcQgBdWQnJ9XnJ+TqucMoUEKGSCAEaSwAAAn9LoiYAAAAA==[0m[INFO] --- maven-resources-plugin:2.6:testResources (default-testResources) @ my-app ---
[INFO] Using 'UTF-8' encoding to copy filtered resources.
[INFO] skip non existing resourceDirectory /var/jenkins_home/workspace/test_maven/src/test/resources
[INFO] 
[8mha:////4NLpR/tKVKpIS0rR/x9xmxU7rQ7VrnQcyOuEWEKDkfCeAAAAYB+LCAAAAAAAAP9b85aBtbiIQSmjNKU4P0+vJLE4u1gvPjexLDVPzxdEGvvmZ+X75Zek2mxOX+vh68DGxMBQUcQgBdWQnJ9XnJ+TqucMoUEKGSCAEaSwAAAn9LoiYAAAAA==[0m[INFO] --- maven-compiler-plugin:3.8.1:testCompile (default-testCompile) @ my-app ---
[INFO] Changes detected - recompiling the module!
[INFO] Compiling 1 source file to /var/jenkins_home/workspace/test_maven/target/test-classes
[INFO] 
[8mha:////4NLpR/tKVKpIS0rR/x9xmxU7rQ7VrnQcyOuEWEKDkfCeAAAAYB+LCAAAAAAAAP9b85aBtbiIQSmjNKU4P0+vJLE4u1gvPjexLDVPzxdEGvvmZ+X75Zek2mxOX+vh68DGxMBQUcQgBdWQnJ9XnJ+TqucMoUEKGSCAEaSwAAAn9LoiYAAAAA==[0m[INFO] --- maven-surefire-plugin:2.12.4:test (default-test) @ my-app ---
[INFO] Tests are skipped.
[INFO] 
[8mha:////4NLpR/tKVKpIS0rR/x9xmxU7rQ7VrnQcyOuEWEKDkfCeAAAAYB+LCAAAAAAAAP9b85aBtbiIQSmjNKU4P0+vJLE4u1gvPjexLDVPzxdEGvvmZ+X75Zek2mxOX+vh68DGxMBQUcQgBdWQnJ9XnJ+TqucMoUEKGSCAEaSwAAAn9LoiYAAAAA==[0m[INFO] --- maven-jar-plugin:3.2.0:jar (default-jar) @ my-app ---
[INFO] Building jar: /var/jenkins_home/workspace/test_maven/target/my-app-1.0-SNAPSHOT.jar
[INFO] ------------------------------------------------------------------------
[INFO] BUILD SUCCESS
[INFO] ------------------------------------------------------------------------
[INFO] Total time:  4.032 s
[INFO] Finished at: 2021-12-17T10:27:06Z
[INFO] ------------------------------------------------------------------------
[test_maven] $ /bin/sh -xe /tmp/jenkins11937001934748146670.sh
+ java -jar /var/jenkins_home/workspace/test_maven/target/my-app-1.0-SNAPSHOT.jar
Hello World!
[test_maven] $ /var/jenkins_home/tools/hudson.tasks.Maven_MavenInstallation/jenkins-maven/bin/mvn tests
[INFO] Scanning for projects...
[INFO] 
[INFO] ----------------------< com.mycompany.app:my-app >----------------------
[INFO] Building my-app 1.0-SNAPSHOT
[INFO] --------------------------------[ jar ]---------------------------------
[INFO] ------------------------------------------------------------------------
[INFO] BUILD FAILURE
[INFO] ------------------------------------------------------------------------
[INFO] Total time:  0.251 s
[INFO] Finished at: 2021-12-17T10:27:09Z
[INFO] ------------------------------------------------------------------------
[8mha:////4OyhsQ1lYNHK6HnUOiCaaffzwGIbyz7udZePCRBywQZRAAAAYB+LCAAAAAAAAP9b85aBtbiIQSmjNKU4P0+vJLE4u1gvPjexLDVPzxdEuhYV5Rf55Zek1m9pfpLfVWLNxMBQUcQgBdWQnJ9XnJ+TqucMoUEKGSCAEaSwAABqVhoSYAAAAA==[0m[ERROR] Unknown lifecycle phase "tests". You must specify a valid lifecycle phase or a goal in the format <plugin-prefix>:<goal> or <plugin-group-id>:<plugin-artifact-id>[:<plugin-version>]:<goal>. Available lifecycle phases are: validate, initialize, generate-sources, process-sources, generate-resources, process-resources, compile, process-classes, generate-test-sources, process-test-sources, generate-test-resources, process-test-resources, test-compile, process-test-classes, test, prepare-package, package, pre-integration-test, integration-test, post-integration-test, verify, install, deploy, pre-clean, clean, post-clean, pre-site, site, post-site, site-deploy. -> [Help 1]
[8mha:////4OyhsQ1lYNHK6HnUOiCaaffzwGIbyz7udZePCRBywQZRAAAAYB+LCAAAAAAAAP9b85aBtbiIQSmjNKU4P0+vJLE4u1gvPjexLDVPzxdEuhYV5Rf55Zek1m9pfpLfVWLNxMBQUcQgBdWQnJ9XnJ+TqucMoUEKGSCAEaSwAABqVhoSYAAAAA==[0m[ERROR] 
[8mha:////4OyhsQ1lYNHK6HnUOiCaaffzwGIbyz7udZePCRBywQZRAAAAYB+LCAAAAAAAAP9b85aBtbiIQSmjNKU4P0+vJLE4u1gvPjexLDVPzxdEuhYV5Rf55Zek1m9pfpLfVWLNxMBQUcQgBdWQnJ9XnJ+TqucMoUEKGSCAEaSwAABqVhoSYAAAAA==[0m[ERROR] To see the full stack trace of the errors, re-run Maven with the -e switch.
[8mha:////4OyhsQ1lYNHK6HnUOiCaaffzwGIbyz7udZePCRBywQZRAAAAYB+LCAAAAAAAAP9b85aBtbiIQSmjNKU4P0+vJLE4u1gvPjexLDVPzxdEuhYV5Rf55Zek1m9pfpLfVWLNxMBQUcQgBdWQnJ9XnJ+TqucMoUEKGSCAEaSwAABqVhoSYAAAAA==[0m[ERROR] Re-run Maven using the -X switch to enable full debug logging.
[8mha:////4OyhsQ1lYNHK6HnUOiCaaffzwGIbyz7udZePCRBywQZRAAAAYB+LCAAAAAAAAP9b85aBtbiIQSmjNKU4P0+vJLE4u1gvPjexLDVPzxdEuhYV5Rf55Zek1m9pfpLfVWLNxMBQUcQgBdWQnJ9XnJ+TqucMoUEKGSCAEaSwAABqVhoSYAAAAA==[0m[ERROR] 
[8mha:////4OyhsQ1lYNHK6HnUOiCaaffzwGIbyz7udZePCRBywQZRAAAAYB+LCAAAAAAAAP9b85aBtbiIQSmjNKU4P0+vJLE4u1gvPjexLDVPzxdEuhYV5Rf55Zek1m9pfpLfVWLNxMBQUcQgBdWQnJ9XnJ+TqucMoUEKGSCAEaSwAABqVhoSYAAAAA==[0m[ERROR] For more information about the errors and possible solutions, please read the following articles:
[8mha:////4OyhsQ1lYNHK6HnUOiCaaffzwGIbyz7udZePCRBywQZRAAAAYB+LCAAAAAAAAP9b85aBtbiIQSmjNKU4P0+vJLE4u1gvPjexLDVPzxdEuhYV5Rf55Zek1m9pfpLfVWLNxMBQUcQgBdWQnJ9XnJ+TqucMoUEKGSCAEaSwAABqVhoSYAAAAA==[0m[ERROR] [Help 1] http://cwiki.apache.org/confluence/display/MAVEN/LifecyclePhaseNotFoundException
Build step 'Invoke top-level Maven targets' marked build as failure
Finished: FAILURE
