Started by user [8mha:////4OJExtxXJIN8lBXApjxB2XkS7WOcXXWo/x1YBlwlDxVrAAAAlx+LCAAAAAAAAP9b85aBtbiIQTGjNKU4P08vOT+vOD8nVc83PyU1x6OyILUoJzMv2y+/JJUBAhiZGBgqihhk0NSjKDWzXb3RdlLBUSYGJk8GtpzUvPSSDB8G5tKinBIGIZ+sxLJE/ZzEvHT94JKizLx0a6BxUmjGOUNodHsLgAz+EgZu/dLi1CL97PzcxBwAHaj18cAAAAA=[0mkomal ankolekar
Obtained Jenkinsfile from git http://git/jenkins/pipeline_maven.git
Running in Durability level: MAX_SURVIVABILITY
[8mha:////4BSx7uxzZDe+jvCHBjamnq7Lj7eXe6rxriPUzq0yNlYRAAAAoh+LCAAAAAAAAP9tjTEOwjAQBM8BClpKHuFItIiK1krDC0x8GCfWnbEdkooX8TX+gCESFVvtrLSa5wtWKcKBo5UdUu8otU4GP9jS5Mixv3geZcdn2TIl9igbHBs2eJyx4YwwR1SwULBGaj0nRzbDRnX6rmuvydanHMu2V1A5c4MHCFXMWcf8hSnC9jqYxPTz/BXAFEIGsfuclm8zQVqFvQAAAA==[0m[Pipeline] Start of Pipeline
[8mha:////4K1Oa1KYi6b1RhHs8iAQKeODFlljYlIcFHUWSMDoa+JsAAAApR+LCAAAAAAAAP9tjTEOwjAUQ3+KOrAycohUghExsUZZOEFIQkgb/d8mKe3EibgadyBQiQlLlmxL1nu+oE4RjhQdby12HpP2vA+jK4lPFLtroIm3dOGaMFGwXNpJkrGnpUrKFhaxClYC1hZ1oOTRZdiIVt1VExS65pxj2Q4CKm8GeAAThZxVzN8yR9jeRpMIf5y/AJj7DGxXvP/86jduZBmjwAAAAA==[0m[Pipeline] node
Running on [8mha:////4MUbcO5A7/6q3J4mocuBPw7oLRX27/76tjmybii24I74AAAAoR+LCAAAAAAAAP9b85aBtbiIQTGjNKU4P08vOT+vOD8nVc83PyU1x6OyILUoJzMv2y+/JJUBAhiZGBgqihhk0NSjKDWzXb3RdlLBUSYGJk8GtpzUvPSSDB8G5tKinBIGIZ+sxLJE/ZzEvHT94JKizLx0a6BxUmjGOUNodHsLgAz2EgZR/eT83ILSktQifY2k0sycEt3MPE19AHHxbH3KAAAA[0mJenkins in /var/jenkins_home/workspace/TestPipeline
[8mha:////4DXh/iYdMxLSCQuj5+tEKUOq8qL8oz8tcrDrOUx2eRNNAAAApR+LCAAAAAAAAP9tjTEOwjAUQ3+KOrAycoh0gA0xsUZZOEFIQkgb/d8mKe3EibgadyBQiQlLlmxL1nu+oE4RjhQdby12HpP2vA+jK4lPFLtroIm3dOGaMFGwXNpJkrGnpUrKFhaxClYC1hZ1oOTRZdiIVt1VExS65pxj2Q4CKm8GeAAThZxVzN8yR9jeRpMIf5y/AJj7DGxXvP/86jfoP95RwAAAAA==[0m[Pipeline] {
[8mha:////4L3xZ3gbuHWlSa5GosxGbpymAzU34nzv092WDCDSj2+mAAAApR+LCAAAAAAAAP9tjTEOwjAUQ3+KOrAycoh0gQkxsUZZOEFIQkgb/d8mKe3EibgadyBQiQlLlmxL1nu+oE4RjhQdby12HpP2vA+jK4lPFLtroIm3dOGaMFGwXNpJkrGnpUrKFhaxClYC1hZ1oOTRZdiIVt1VExS65pxj2Q4CKm8GeAAThZxVzN8yR9jeRpMIf5y/AJj7DGxXvP/86jc09154wAAAAA==[0m[Pipeline] stage
[8mha:////4OOhODygX26keuoUpw60snraQCnOHr5O9xihLYJ6rQV1AAAApR+LCAAAAAAAAP9tjTEOwjAUQ3+KOrAycoh0ggUxsUZZOEFIQkgb/d8mKe3EibgadyBQiQlLlmxL1nu+oE4RjhQdby12HpP2vA+jK4lPFLtroIm3dOGaMFGwXNpJkrGnpUrKFhaxClYC1hZ1oOTRZdiIVt1VExS65pxj2Q4CKm8GeAAThZxVzN8yR9jeRpMIf5y/AJj7DGxXvP/86jek7ggRwAAAAA==[0m[Pipeline] { (Declarative: Checkout SCM)
[8mha:////4BQ25oWmNbBEpUzm1PHisc4fDO4RErpgE64lROFg6ucyAAAAoh+LCAAAAAAAAP9tjTEOAiEURD9rLGwtPQTbaWGsbAmNJ0AWEZb8zwLrbuWJvJp3kLiJlZNMMm+a93rDOic4UbLcG+wdZu14DKOti0+U+lugiXu6ck2YKRguzSSpM+cFJRUDS1gDKwEbgzpQdmgLbIVXD9UGhba9lFS/o4DGdQM8gYlqLiqVL8wJdvexy4Q/z18BzLEA29ce4gfg7KmOvAAAAA==[0m[Pipeline] checkout
The recommended git tool is: NONE
using credential git_user
 > git rev-parse --resolve-git-dir /var/jenkins_home/workspace/TestPipeline/.git # timeout=10
Fetching changes from the remote Git repository
 > git config remote.origin.url http://git/jenkins/pipeline_maven.git # timeout=10
Fetching upstream changes from http://git/jenkins/pipeline_maven.git
 > git --version # timeout=10
 > git --version # 'git version 2.30.2'
using GIT_ASKPASS to set credentials 
 > git fetch --tags --force --progress -- http://git/jenkins/pipeline_maven.git +refs/heads/*:refs/remotes/origin/* # timeout=10
 > git rev-parse origin/master^{commit} # timeout=10
Checking out Revision 98845e313e560a2ad690f84a86c5fa5b4252f4e5 (origin/master)
 > git config core.sparsecheckout # timeout=10
 > git checkout -f 98845e313e560a2ad690f84a86c5fa5b4252f4e5 # timeout=10
Commit message: "Updated Jenkinsfile"
 > git rev-list --no-walk 40edd0cab3921c2d7467d3fec34c8e1e2be0ceb7 # timeout=10
[8mha:////4PX/3MHng1YvA5oVQacT6DZaA1/Jo0MN1jEa9aa98iMbAAAAoh+LCAAAAAAAAP9tjTEOAiEURD9rLGwtPQTbGRNjZUtoPAGyiLDkfxZYdytP5NW8g8RNrJxkknnTvNcb1jnBiZLl3mDvMGvHYxhtXXyi1N8CTdzTlWvCTMFwaSZJnTkvKKkYWMIaWAnYGNSBskNbYCu8eqg2KLTtpaT6HQU0rhvgCUxUc1GpfGFOsLuPXSb8ef4KYI6xADvU7j9Dg2gqvAAAAA==[0m[Pipeline] }
[8mha:////4N6I7IUFGeq84qCxkVFzcFZ5h6tDQruenRPDqUiDiIs/AAAAoh+LCAAAAAAAAP9tjTEOAiEURD9rLGwtPQRbWRhjZUtoPAGyiLDkfxZYdytP5NW8g8RNrJxkknnTvNcb1jnBiZLl3mDvMGvHYxhtXXyi1N8CTdzTlWvCTMFwaSZJnTkvKKkYWMIaWAnYGNSBskNbYCu8eqg2KLTtpaT6HQU0rhvgCUxUc1GpfGFOsLuPXSb8ef4KYI6xADvU7j9J+wGOvAAAAA==[0m[Pipeline] // stage
[8mha:////4BTm8wRJucJre6oNxEJHlGDs0rIy9AsWGpvh+1UPEzfwAAAAph+LCAAAAAAAAP9tjTEOwjAQBM9BKWgpeYQDEh2iorXc8AITG+PEugv2haTiRXyNPxCIRMVWOyut5vmCMic4UPKycdgGzHWQXez91ORAqb1EGmRDZ1kTZopOajdosu44oyZ2MEcUsFCwdFhHygE9w0o15m6qaNBXJ07TtldQBHuDBwg1mdkk/sKYYH3tbSb8ef4KYOwYxI6h2G4+x/INtuQqUcEAAAA=[0m[Pipeline] withEnv
[8mha:////4GiUdeXXTmVdZeCYjlmgwd0ZCJZxdaU5qG+5BuJ/jPxsAAAApR+LCAAAAAAAAP9tjTEOwjAUQ3+DOrAycoiUzoiJNerCCUITQtLo/zZJSSdOxNW4Ay2VmPBg2Zas93pDGQOcKBjuNHYWY2t570czJ54pdDdPmTu68pYwkte80bkhpc9rbShpWFUw2AjYamw9RYsmwU44+ZCVl2iqSwrzdhTArBrgCYWYyUmG9C1TgP19VJHwx/kLgKlPwOrDYvXyLD8BobDcwgAAAA==[0m[Pipeline] {
[8mha:////4Hezq8/c9k5XOq16kb+9ddjZ6CHf+gbDDc+M9TcbHNaNAAAAph+LCAAAAAAAAP9tjTEOwjAUQ3+LOrAycohUZUVMrFEWThCaEJJG/7dJSjpxIq7GHWipxIQHy7ZkvdcbqhjgRMEwp7GzGFvLej+aObFMobt5yszRlbWEkbxmQmdBSp/XKihpWFWUsOGw1dh6ihZNgh138iFrL9HUlxTm7cihtGqAJxR8JicZ0rdMAfb3UUXCH+cvAKY+Qdk0ix2WZ/UBbwyqm8IAAAA=[0m[Pipeline] withCredentials
Masking supported pattern matches of $PASS
[8mha:////4I4w81lZzfdFLmUOs0CiZ1mPCYKDl13+Lu6jcw8h52rJAAAAph+LCAAAAAAAAP9tjTEOwjAUQ3+LOrAycohUwIiYukZZOEFoQkgb/V9+UtqJE3E17kBLJSY8WLYl673eUESGE7ETjcXWY6y96ELvpiQG4vYaaBANXURNGClYoeygyNhqqYqShUVZDisJa4t1oOjRJdjIRj90GTS68px42o4Scm/u8IRMTuSkOX3LyLC99SYS/jh/ATB2CfLdfrbD/Cw+y7kUycIAAAA=[0m[Pipeline] {
[8mha:////4NxDUH0rJt4WkTyDzKaTn+B/owxFXX3suaTvbWTWzhZGAAAApx+LCAAAAAAAAP9tjTEOwjAUQ3+LOrAycohUCDbE1DXKwglCE0La6P/yk9JOnIircQdaKjHhwbItWe/1hiIynIidaCy2HmPtRRd6NyUxELfXQINo6CJqwkjBCmUHRcZWS1WULCzKclhJWFusA0WPLsFGNvqhy6DRlefE03aUkHtzhydkciInzelbRobtrTeR8Mf5C4CxS5Dv9rMd5mfxAbNWnxXCAAAA[0m[Pipeline] stage
[8mha:////4IRuFACekojp6NTu0/rXxp61fug/dXJJbUeNX9e0mWz9AAAApx+LCAAAAAAAAP9tjTEOwjAUQ3+LOrAycohUSDAhpq5RFk4QmhDSRv+Xn5R24kRcjTvQUokJD5ZtyXqvNxSR4UTsRGOx9RhrL7rQuymJgbi9BhpEQxdRE0YKVig7KDK2WqqiZGFRlsNKwtpiHSh6dAk2stEPXQaNrjwnnrajhNybOzwhkxM5aU7fMjJsb72JhD/OXwCMXYJ8t5/tMD+LD5WQ+PfCAAAA[0m[Pipeline] { (Build)
[8mha:////4K4Ptd1DxzwKKXq5lEIMfWzZCtgTO17Odx8SVNHzkJcCAAAApB+LCAAAAAAAAP9tjTEOwjAQBC9BFLSUPOIiCmgQVVrLDS8wsTFOrDtjOyQVL+Jr/IFAJCq2WO1sM88XLFOEI0eLraHOUWocBt/baeHAsbt4HrDlMzZMib1BaQbJ2tQzSs4G5hQlLASsDDWekyObYS1adVeVV2SrU47TdxBQOn2DBxRiMmcV8xfGCJtrrxPTz/NXAGPIUG53n9qHN7LjSKW+AAAA[0m[Pipeline] sh
+ ./jenkins/build/mvn.sh mvn -B -DskipTests clean package
##########################
****** Building jar ******
##########################
[INFO] Scanning for projects...
[INFO] 
[INFO] ----------------------< com.mycompany.app:my-app >----------------------
[INFO] Building my-app 1.0-SNAPSHOT
[INFO] --------------------------------[ jar ]---------------------------------
[INFO] 
[INFO] --- maven-clean-plugin:2.5:clean (default-clean) @ my-app ---
[INFO] Deleting /app/target
[INFO] 
[INFO] --- maven-enforcer-plugin:3.0.0-M3:enforce (enforce-maven) @ my-app ---
[INFO] 
[INFO] --- maven-resources-plugin:2.6:resources (default-resources) @ my-app ---
[INFO] Using 'UTF-8' encoding to copy filtered resources.
[INFO] skip non existing resourceDirectory /app/src/main/resources
[INFO] 
[INFO] --- maven-compiler-plugin:3.8.1:compile (default-compile) @ my-app ---
[INFO] Changes detected - recompiling the module!
[INFO] Compiling 1 source file to /app/target/classes
[INFO] 
[INFO] --- maven-resources-plugin:2.6:testResources (default-testResources) @ my-app ---
[INFO] Using 'UTF-8' encoding to copy filtered resources.
[INFO] skip non existing resourceDirectory /app/src/test/resources
[INFO] 
[INFO] --- maven-compiler-plugin:3.8.1:testCompile (default-testCompile) @ my-app ---
[INFO] Changes detected - recompiling the module!
[INFO] Compiling 1 source file to /app/target/test-classes
[INFO] 
[INFO] --- maven-surefire-plugin:2.12.4:test (default-test) @ my-app ---
[INFO] Tests are skipped.
[INFO] 
[INFO] --- maven-jar-plugin:3.2.0:jar (default-jar) @ my-app ---
[INFO] Building jar: /app/target/my-app-1.0-SNAPSHOT.jar
[INFO] ------------------------------------------------------------------------
[INFO] BUILD SUCCESS
[INFO] ------------------------------------------------------------------------
[INFO] Total time:  24.252 s
[INFO] Finished at: 2021-12-22T10:18:49Z
[INFO] ------------------------------------------------------------------------
+ ./jenkins/build/build.sh
****** Building Docker Image ******
Building app
Step 1/4 : FROM openjdk:18-jdk-alpine3.14
 ---> 61e4b74c263e
Step 2/4 : RUN mkdir /app
 ---> Running in 8b1e0af6d090
Removing intermediate container 8b1e0af6d090
 ---> e8f7dc42d72d
Step 3/4 : COPY *.jar /app/app.jar
 ---> ae3fb64cc08e
Step 4/4 : CMD java -jar /app/app.jar
 ---> Running in ad25b19ea673
Removing intermediate container ad25b19ea673
 ---> 33cc1acce12f
Successfully built 33cc1acce12f
Successfully tagged mynewrepo1:jenkins-TestPipeline-15
Post stage
[8mha:////4OBas3qQTSUi6qYcsz5TWQYsrMCM9G3zvFGmYN7iHnkYAAAApR+LCAAAAAAAAP9tjTEOwjAQBC9BFLSUPOIiCkSBqNJabniBiY1xYt0Z2yGpeBFf4w8EIlGxxWpnm3m+YJkiHDlabA11jlLjMPjeTgsHjt3F84Atn7FhSuwNSjNI1qaeUXI2MKcoYSFgZajxnBzZDGvRqruqvCJbnXKcvoOA0ukbPKAQkzmrmL8wRthce52Yfp6/AhhDhnK7+9Q+vAHz0lO8vgAAAA==[0m[Pipeline] archiveArtifacts
Archiving artifacts
Recording fingerprints
[8mha:////4FUAfmlCe0SRQdKzlUtgjhN/dEl1tiF36J+wyQRAMFWVAAAApR+LCAAAAAAAAP9tjTEOwjAQBC9BFLSUPOIiCiQkRJXWcsMLTGyME+vO2A5JxYv4Gn8gEImKLVY728zzBcsU4cjRYmuoc5Qah8H3dlo4cOwungds+YwNU2JvUJpBsjb1jJKzgTlFCQsBK0ON5+TIZliLVt1V5RXZ6pTj9B0ElE7f4AGFmMxZxfyFMcLm2uvE9PP8FcAYQoZyu//U7g1b0dOKvgAAAA==[0m[Pipeline] }
[8mha:////4BTOLp5V8teQEDg955O9Y/yx4fRIfhdAtLnanSNpwUTqAAAApR+LCAAAAAAAAP9tjTEOwjAQBC9BFLSUPOIiJBqEqNJabniBiY1xYt0Z2yGpeBFf4w8EIlGxxWpnm3m+YJkiHDlabA11jlLjMPjeTgsHjt3F84Atn7FhSuwNSjNI1qaeUXI2MKcoYSFgZajxnBzZDGvRqruqvCJbnXKcvoOA0ukbPKAQkzmrmL8wRthce52Yfp6/AhhDyFBu95/avQFoMog2vgAAAA==[0m[Pipeline] // stage
[8mha:////4DW5JEVuA86np4g134zXxFAcgu5gz4BV03lf4BzZbk7ZAAAApx+LCAAAAAAAAP9tjT0OwjAUg1+LOrAycoiUnxF1Yo26cILQhJA0eq8kKenEibgadyBQiQkPlm3J+p4vqIKHhrxmVmFvMHSGDW7UObFEvr84SszSmXWEgZxirUotSXWca0tRwayihAWHpcLOUTCoI6y4FXdRO4G6PkWftwOH0sgbPKDgmRyFj98yeVhfRxkIf5y/AJiGCOV2n223+TyrNzgO5r/CAAAA[0m[Pipeline] stage
[8mha:////4JiufTVdO9hzQacL9KMdnSF8tyVk1lLJmGjea1AJBDBBAAAAph+LCAAAAAAAAP9tjTEOwjAUQ3+LOrAycogUWBFT1ygLJwhNCGmj/8tPSjtxIq7GHWipxIQHy7ZkvdcbishwInaisdh6jLUXXejdlMRA3F4DDaKhi6gJIwUrlB0UGVstVVGysCjLYSVhbbEOFD26BBvZ6Icug0ZXnhNP21FC7s0dnpDJiZw0p28ZGba33kTCH+cvAMYuQX7Yzbafn8UHbGnGmsIAAAA=[0m[Pipeline] { (Test)
[8mha:////4HONpA+EHNvcYaAVGvrTrP9ZjkC1M4/evFKKPF2hxLMhAAAAox+LCAAAAAAAAP9tjTEOwjAQBC9BFLSUPOIi0iIqWisNLzCJMXasO8d2cCpexNf4A4FIVGyx2tlmni9YxwBHDhqtot5QbA16N+p5YebQXx1ntHzBlimyU9io3HCnTgs2nBQsKUpYCdgoah1HQzrBVlh5l5WTpKtzCvN3EFCaboAHFGI2JxnSF6YAu9vYRaaf568AJp+grPefqv0bH7uiub4AAAA=[0m[Pipeline] sh
+ ./jenkins/test/mvn.sh mvn test
##########################
**** Testing the code ****
##########################
[INFO] Scanning for projects...
[INFO] 
[INFO] ----------------------< com.mycompany.app:my-app >----------------------
[INFO] Building my-app 1.0-SNAPSHOT
[INFO] --------------------------------[ jar ]---------------------------------
[INFO] 
[INFO] --- maven-enforcer-plugin:3.0.0-M3:enforce (enforce-maven) @ my-app ---
[INFO] 
[INFO] --- maven-resources-plugin:2.6:resources (default-resources) @ my-app ---
[INFO] Using 'UTF-8' encoding to copy filtered resources.
[INFO] skip non existing resourceDirectory /app/src/main/resources
[INFO] 
[INFO] --- maven-compiler-plugin:3.8.1:compile (default-compile) @ my-app ---
[INFO] Nothing to compile - all classes are up to date
[INFO] 
[INFO] --- maven-resources-plugin:2.6:testResources (default-testResources) @ my-app ---
[INFO] Using 'UTF-8' encoding to copy filtered resources.
[INFO] skip non existing resourceDirectory /app/src/test/resources
[INFO] 
[INFO] --- maven-compiler-plugin:3.8.1:testCompile (default-testCompile) @ my-app ---
[INFO] Nothing to compile - all classes are up to date
[INFO] 
[INFO] --- maven-surefire-plugin:2.12.4:test (default-test) @ my-app ---
[INFO] Surefire report directory: /app/target/surefire-reports

-------------------------------------------------------
 T E S T S
-------------------------------------------------------
Running com.mycompany.app.AppTest
Tests run: 2, Failures: 0, Errors: 0, Skipped: 0, Time elapsed: 1.587 sec

Results :

Tests run: 2, Failures: 0, Errors: 0, Skipped: 0

[INFO] ------------------------------------------------------------------------
[INFO] BUILD SUCCESS
[INFO] ------------------------------------------------------------------------
[INFO] Total time:  22.474 s
[INFO] Finished at: 2021-12-22T10:19:24Z
[INFO] ------------------------------------------------------------------------
Post stage
[8mha:////4LqYBESYiTH5iUp781FL64coC4eB779JAjl9F4sNHHwcAAAAox+LCAAAAAAAAP9tjTEOwjAQBC9BFLSUPOIioERUaS03vMDExjix7oztkFS8iK/xBwKRqNhitbPNPF+wTBGOHC22hjpHqXEYfG+nhQPH7uJ5wJbP2DAl9galGSRrU88oORuYU5SwELAy1HhOjmyGtWjVXVVeka1OOU7fQUDp9A0eUIjJnFXMXxgjbK69Tkw/z18BjCFDudt+ah/eXoq5oL4AAAA=[0m[Pipeline] junit
Recording test results
No test report files were found. Configuration error?
Error when executing always post condition:
hudson.AbortException: No test report files were found. Configuration error?
	at hudson.tasks.junit.JUnitParser$ParseResultCallable.invoke(JUnitParser.java:154)
	at hudson.FilePath.act(FilePath.java:1171)
	at hudson.FilePath.act(FilePath.java:1154)
	at hudson.tasks.junit.JUnitParser.parseResult(JUnitParser.java:107)
	at hudson.tasks.junit.JUnitResultArchiver.parse(JUnitResultArchiver.java:153)
	at hudson.tasks.junit.JUnitResultArchiver.parseAndSummarize(JUnitResultArchiver.java:247)
	at hudson.tasks.junit.pipeline.JUnitResultsStepExecution.run(JUnitResultsStepExecution.java:63)
	at hudson.tasks.junit.pipeline.JUnitResultsStepExecution.run(JUnitResultsStepExecution.java:29)
	at org.jenkinsci.plugins.workflow.steps.SynchronousNonBlockingStepExecution.lambda$start$0(SynchronousNonBlockingStepExecution.java:47)
	at java.base/java.util.concurrent.Executors$RunnableAdapter.call(Executors.java:515)
	at java.base/java.util.concurrent.FutureTask.run(FutureTask.java:264)
	at java.base/java.util.concurrent.ThreadPoolExecutor.runWorker(ThreadPoolExecutor.java:1128)
	at java.base/java.util.concurrent.ThreadPoolExecutor$Worker.run(ThreadPoolExecutor.java:628)
	at java.base/java.lang.Thread.run(Thread.java:829)

[8mha:////4GbsS4LEOKJJnDTmlN3d8vMh6B+koJ2+gvS/wViEAUSmAAAApB+LCAAAAAAAAP9tjTEOwjAQBC9BFLSUPOIiEB2iSmu54QUmNsaJdWdsh6TiRXyNPxCIRMUWq51t5vmCZYpw5GixNdQ5So3D4Hs7LRw4dhfPA7Z8xoYpsTcozSBZm3pGydnAnKKEhYCVocZzcmQzrEWr7qryimx1ynH6DgJKp2/wgEJM5qxi/sIYYXPtdWL6ef4KYAwhQ7nbf2r7BmecueC+AAAA[0m[Pipeline] }
[8mha:////4JKZR63bjrp1DvruJ2QgTTzZtVQhlP5dPSdDT6XDHORcAAAApB+LCAAAAAAAAP9tjTEOwjAQBC9BFLSUPOKCkKgQVVrLDS8wsTFOrDtjOyQVL+Jr/IFAJCq2WO1sM88XLFOEI0eLraHOUWocBt/baeHAsbt4HrDlMzZMib1BaQbJ2tQzSs4G5hQlLASsDDWekyObYS1adVeVV2SrU47TdxBQOn2DBxRiMmcV8xfGCJtrrxPTz/NXAGMIGcrd/lPbN1R/4ly+AAAA[0m[Pipeline] // stage
[8mha:////4AJDhzOdaWWBjv4iABalzPjNHzu9BYf4pZmplla6YQ92AAAAqB+LCAAAAAAAAP9tjTEOwjAUQ3+LOrAycohUgMSCOrFGXThBaEJIGv1fkpR04kRcjTsQqMSEB8u2ZL3nC6rgoSGvmVXYGwydYYMbdU4ske8vjhKzdGYdYSCnWKtSS1Id59pSVDCrKGHBYamwcxQM6ggrbsVd1E6grk/R5+3AoTTyBg8oeCZH4eO3TB7W11EGwh/nLwCmIUK52WXb7j/P6g0l7b9pwgAAAA==[0m[Pipeline] stage
[8mha:////4FQjhH5fc4QzKX0QUvzBiPY9zwA++TrzO92F2tMGaaFNAAAAqB+LCAAAAAAAAP9tjTEOwjAUQ3+LOrAycohUYoABMXWNsnCC0ISQNvq//KS0EyfiatyBlkpMeLBsS9Z7vaGIDCdiJxqLrcdYe9GF3k1JDMTtNdAgGrqImjBSsELZQZGx1VIVJQuLshxWEtYW60DRo0uwkY1+6DJodOU58bQdJeTe3OEJmZzISXP6lpFhe+tNJPxx/gJg7BLku/1sh/lZfAAyQCqkwgAAAA==[0m[Pipeline] { (Push)
Stage "Push" skipped due to earlier failure(s)
[8mha:////4ErsvX9Gu8N3/4VuHfPLDeZLk/qjxq0NqpKMx54TpWM9AAAApR+LCAAAAAAAAP9tjTEOwjAQBC9BFLSUPOIi0YCEqNJabniBiY1xYt0Z2yGpeBFf4w8EIlGxxWpnm3m+YJkiHDlabA11jlLjMPjeTgsHjt3F84Atn7FhSuwNSjNI1qaeUXI2MKcoYSFgZajxnBzZDGvRqruqvCJbnXKcvoOA0ukbPKAQkzmrmL8wRthce52Yfp6/AhhDyFBu95/avQEp+Rh+vgAAAA==[0m[Pipeline] }
[8mha:////4MA2WWLvNjZnmojRGrfijHbAnHhl71RsA8Vdhi/Be3guAAAApR+LCAAAAAAAAP9tjTEOwjAQBC9BFLSUPOIiUSAhRJXWcsMLTGyME+vO2A5JxYv4Gn8gEImKLVY728zzBcsU4cjRYmuoc5Qah8H3dlo4cOwungds+YwNU2JvUJpBsjb1jJKzgTlFCQsBK0ON5+TIZliLVt1V5RXZ6pTj9B0ElE7f4AGFmMxZxfyFMcLm2uvE9PP8FcAYQoZyu//U7g0aGkPCvgAAAA==[0m[Pipeline] // stage
[8mha:////4DDmtz4pyPPzUNpKS4W/Iv3oOBd5cmGVk1kyfDz6g/61AAAApx+LCAAAAAAAAP9tjTEOwjAUQ3+LOrAycogU1BExdY2ycIKQhJA2+r8kKe3EibgadyBQiQkPlm3Jes8XVDHAkYJlncHeYVSODX60ObGJQn/xNLGOzkwRRvKGCTMJ0qZdqqBkYFFRworD2qDyFB3aBBveybusvURbn1LI24FD6fQNHlDwTE4ypG+ZA2yvo46EP85fAMxDgnLfZGt2n2f1BowFkRnCAAAA[0m[Pipeline] stage
[8mha:////4J6E4DcZU+kwVwvCu2cxBSoQE6lPGryIjjdJcOqAiTx7AAAAph+LCAAAAAAAAP9tjTEOwjAUQ3+LOrAycogUxIiYukZZOEFoQkgb/V9+UtqJE3E17kBLJSY8WLYl673eUESGE7ETjcXWY6y96ELvpiQG4vYaaBANXURNGClYoeygyNhqqYqShUVZDisJa4t1oOjRJdjIRj90GTS68px42o4Scm/u8IRMTuSkOX3LyLC99SYS/jh/ATB2CfLDbrb9/Cw+ty4Up8IAAAA=[0m[Pipeline] { (Deploy)
Stage "Deploy" skipped due to earlier failure(s)
[8mha:////4KNVxanTgqltqS/LPvwzPU/zaCurby6kLm+AcIRsBt2lAAAAox+LCAAAAAAAAP9tjTEOwjAQBC9BFLSUPOIioERUaS03vMDExjix7oztkFS8iK/xBwKRqNhitbPNPF+wTBGOHC22hjpHqXEYfG+nhQPH7uJ5wJbP2DAl9galGSRrU88oORuYU5SwELAy1HhOjmyGtWjVXVVeka1OOU7fQUDp9A0eUIjJnFXMXxgjbK69Tkw/z18BjCFkKPe7T23fj0WMib4AAAA=[0m[Pipeline] }
[8mha:////4HHAYGG0Lw5i7Dqh+WrJMvOgefFJTGPly0wXgHpdloSBAAAAox+LCAAAAAAAAP9tjTEOwjAQBC9BFLSUPOKClBJR0VppeIFJjLFj3Tm2g1PxIr7GHwhEomKL1c4283zBOgY4ctBoFfWGYmvQu1HPCzOH/uo4o+ULtkyRncJG5YY7dVqw4aRgSVHCSsBGUes4GtIJtsLKu6ycJF2dU5i/g4DSdAM8oBCzOcmQvjAF2N3GLjL9PH8FMHmfoKzrT+3fvKbXNb4AAAA=[0m[Pipeline] // stage
[8mha:////4LRa5kLWSYsGs9Olw1Irnzii+E/spnqzQmIYcpbcbcvuAAAApB+LCAAAAAAAAP9tjTEOwjAQBC9BFLSUPMIRCh2iSmul4QUmPowT687YDknFi/gaf8AiEhVbrHa2mdcb1jHAiYMRPdJgKXZWeDeavMTEYbg6nkTPF9ExRXYoWpxa1tgs2HJCWFKUsJKwQeocR0smwVb26qEqp8hU5xTyd5RQWn2HJxQym5MK6QtzgN1t1JHp5/krgNn7BGV9yLWvPzyl7YO+AAAA[0m[Pipeline] }
[8mha:////4PqSObNy2421pUhtIUG+Vojy1vD2OR02+Hg635HzPi+lAAAApR+LCAAAAAAAAP9tjTEOwjAQBC9BFLSUPOIiQFQoFa3lhheYxBgn1l2wHZyKF/E1/oBFJCq2WO1sM683LIOHmr3BTlNvKTQWBzeavDCx76+OE3Z8wYYpsNModZLc6tOMkqOGOUUJCwErTY3jYMlEWItOPVTlFJnqHH3+jgJK297hCYXI5qh8/MLkYXMb28D08/wVwDQMEcr9Idd29wEPRrY/vgAAAA==[0m[Pipeline] // withCredentials
[8mha:////4Du8djPAdfNeVZj+IGQ+aMdL8hqprTpBSQ0dciRvpaAFAAAApR+LCAAAAAAAAP9tjTEOwjAQBC9BFLSUPOKiCIkGUaW10vACExvjxLoztkNS8SK+xh+wiETFFqudbeb1hnUMcOJgsNc0WIqdRe9GkxdOHIar4wl7vmDHFNlpbPXUstLNgi0nDUuKElYCNpo6x9GSSbAVvXzIykky1TmF/B0FlFbd4QmFyOYkQ/rCHGB3G1Vk+nn+CmD2PkG5P+Sq6w8bZSsgvgAAAA==[0m[Pipeline] }
[8mha:////4HdBP4+RQ1DnOinq/dtwPuDLoLIQnQrUAaB+n3ajfjxXAAAApR+LCAAAAAAAAP9tjTEOwjAQBC9BFLSUPOICoqBAqWgtN7zAJMY4se6C7eBUvIiv8QcsIlGxxWpnm3m9YRk81OwNdpp6S6GxOLjR5IWJfX91nLDjCzZMgZ1GqZPkVp9mlBw1zClKWAhYaWocB0smwlp06qEqp8hU5+jzdxRQ2vYOTyhENkfl4xcmD5vb2Aamn+evAKZhiFDuD7l22w8ohnCcvgAAAA==[0m[Pipeline] // withEnv
[8mha:////4Oh6X+D6Ek3mY++V5vpitu6qGA3C5OH7nXQ+8Jj8bt5YAAAApB+LCAAAAAAAAP9tjTEOwjAQBDdBFLSUPMIpoEBCVLRWGl5gEmOcWHfBvpBUvIiv8QciIlGx1c4083pjmSKOHJ1qLLWeUuVVF3o3PTVwbK+BB9XwRVVMiYNVpR1Kru1pxpLFYl6WY6GxslQFTp6cYK0b8zBFMOSKs8TJHTRyX9/xRKanspgoXxgjNre+Tky/zt8Axq4T5Nu9INt9AE/B/a+9AAAA[0m[Pipeline] }
[8mha:////4MVQggffmBHyaTAtoRAGYxjX4d8FJF+oBQpFZJFuyHhDAAAAox+LCAAAAAAAAP9tjTESgjAQRT84FraWHiIUVI5jZZuh8QQRYgxkdjFZhMoTeTXvICMzVv7qv9e81xvrFHHk6FRrqfOUaq/6MLj5qZFjdw08qpYvqmZKHKyq7FhxY08LViwWy7IcK42NpTpw8uQEW92ahymCIVecJc7uoJH75o4nMj2XxUT5whSxuw1NYvp1/gYw9b0gL/eCrPwAXH35DL0AAAA=[0m[Pipeline] // node
[8mha:////4NVAl8dvmir7Pq/CgrOj6MmpE4n0HXd0UvSDGSVSyR4bAAAAox+LCAAAAAAAAP9tjTEOwjAQBDdBFLSUPMJBiA5R0VppeIFJjHFi3QX7QlLxIr7GH4iIRMVWO9PM641lijhydKqx1HpKlVdd6N301MCxvQYeVMMXVTElDlaVdii5tqcZSxaLeVmOhcbKUhU4eXKCtW7MwxTBkCvOEid30Mh9fccTmZ7KYqJ8YYzY3Po6Mf06fwMYu06Q77eCbPcBAx/ra70AAAA=[0m[Pipeline] End of Pipeline
ERROR: No test report files were found. Configuration error?
Finished: FAILURE
